2024-04-07 01:03:46 - Running perceptron
-- Parameters -- 
	Learning_rate = 0.5
	Bias_value = 1
	Inputs_total = 2
-- Creating percepton --
	Perceptron=[Id=1, SensoryNeurons=[[Id=1, Value=1, Weight=0.093], [Id=2, Value=None, Weight=0.007], [Id=3, Value=None, Weight=0.7]]]
-- Starting learning --
	-- Iterating data --
		- LearningData=[Inputs=[1, 1], Target=1]
		- output=1
		- LearningData=[Inputs=[1, 0], Target=-1]
		- output=1
		-- Update weights --
			- SensoryNeurons=[[Id=1, Value=1, Weight=-0.407], [Id=2, Value=1, Weight=-0.493], [Id=3, Value=0, Weight=0.7]]
	-- Finished iteration --
	-- Iterating data --
		- LearningData=[Inputs=[1, 1], Target=1]
		- output=-1
		-- Update weights --
			- SensoryNeurons=[[Id=1, Value=1, Weight=0.093], [Id=2, Value=1, Weight=0.007], [Id=3, Value=1, Weight=1.2]]
	-- Finished iteration --
	-- Iterating data --
		- LearningData=[Inputs=[1, 1], Target=1]
		- output=1
		- LearningData=[Inputs=[1, 0], Target=-1]
		- output=1
		-- Update weights --
			- SensoryNeurons=[[Id=1, Value=1, Weight=-0.407], [Id=2, Value=1, Weight=-0.493], [Id=3, Value=0, Weight=1.2]]
	-- Finished iteration --
	-- Iterating data --
		- LearningData=[Inputs=[1, 1], Target=1]
		- output=1
		- LearningData=[Inputs=[1, 0], Target=-1]
		- output=-1
		- LearningData=[Inputs=[0, 1], Target=-1]
		- output=1
		-- Update weights --
			- SensoryNeurons=[[Id=1, Value=1, Weight=-0.907], [Id=2, Value=0, Weight=-0.493], [Id=3, Value=1, Weight=0.7]]
	-- Finished iteration --
	-- Iterating data --
		- LearningData=[Inputs=[1, 1], Target=1]
		- output=-1
		-- Update weights --
			- SensoryNeurons=[[Id=1, Value=1, Weight=-0.407], [Id=2, Value=1, Weight=0.007], [Id=3, Value=1, Weight=1.2]]
	-- Finished iteration --
	-- Iterating data --
		- LearningData=[Inputs=[1, 1], Target=1]
		- output=1
		- LearningData=[Inputs=[1, 0], Target=-1]
		- output=-1
		- LearningData=[Inputs=[0, 1], Target=-1]
		- output=1
		-- Update weights --
			- SensoryNeurons=[[Id=1, Value=1, Weight=-0.907], [Id=2, Value=0, Weight=0.007], [Id=3, Value=1, Weight=0.7]]
	-- Finished iteration --
	-- Iterating data --
		- LearningData=[Inputs=[1, 1], Target=1]
		- output=-1
		-- Update weights --
			- SensoryNeurons=[[Id=1, Value=1, Weight=-0.407], [Id=2, Value=1, Weight=0.507], [Id=3, Value=1, Weight=1.2]]
	-- Finished iteration --
	-- Iterating data --
		- LearningData=[Inputs=[1, 1], Target=1]
		- output=1
		- LearningData=[Inputs=[1, 0], Target=-1]
		- output=1
		-- Update weights --
			- SensoryNeurons=[[Id=1, Value=1, Weight=-0.907], [Id=2, Value=1, Weight=0.007], [Id=3, Value=0, Weight=1.2]]
	-- Finished iteration --
	-- Iterating data --
		- LearningData=[Inputs=[1, 1], Target=1]
		- output=1
		- LearningData=[Inputs=[1, 0], Target=-1]
		- output=-1
		- LearningData=[Inputs=[0, 1], Target=-1]
		- output=1
		-- Update weights --
			- SensoryNeurons=[[Id=1, Value=1, Weight=-1.407], [Id=2, Value=0, Weight=0.007], [Id=3, Value=1, Weight=0.7]]
	-- Finished iteration --
	-- Iterating data --
		- LearningData=[Inputs=[1, 1], Target=1]
		- output=-1
		-- Update weights --
			- SensoryNeurons=[[Id=1, Value=1, Weight=-0.907], [Id=2, Value=1, Weight=0.507], [Id=3, Value=1, Weight=1.2]]
	-- Finished iteration --
	-- Iterating data --
		- LearningData=[Inputs=[1, 1], Target=1]
		- output=1
		- LearningData=[Inputs=[1, 0], Target=-1]
		- output=-1
		- LearningData=[Inputs=[0, 1], Target=-1]
		- output=1
		-- Update weights --
			- SensoryNeurons=[[Id=1, Value=1, Weight=-1.407], [Id=2, Value=0, Weight=0.507], [Id=3, Value=1, Weight=0.7]]
	-- Finished iteration --
	-- Iterating data --
		- LearningData=[Inputs=[1, 1], Target=1]
		- output=-1
		-- Update weights --
			- SensoryNeurons=[[Id=1, Value=1, Weight=-0.907], [Id=2, Value=1, Weight=1.007], [Id=3, Value=1, Weight=1.2]]
	-- Finished iteration --
	-- Iterating data --
		- LearningData=[Inputs=[1, 1], Target=1]
		- output=1
		- LearningData=[Inputs=[1, 0], Target=-1]
		- output=1
		-- Update weights --
			- SensoryNeurons=[[Id=1, Value=1, Weight=-1.407], [Id=2, Value=1, Weight=0.507], [Id=3, Value=0, Weight=1.2]]
	-- Finished iteration --
	-- Iterating data --
		- LearningData=[Inputs=[1, 1], Target=1]
		- output=1
		- LearningData=[Inputs=[1, 0], Target=-1]
		- output=-1
		- LearningData=[Inputs=[0, 1], Target=-1]
		- output=-1
		- LearningData=[Inputs=[0, 0], Target=-1]
		- output=-1
	-- Finished iteration --
-- Finished learning --
-- Learning log --
	- Perceptron=[Id=1, SensoryNeurons=[[Id=1, Value=1, Weight=-1.407], [Id=2, Value=0, Weight=0.507], [Id=3, Value=0, Weight=1.2]]]
	- Iterations total=14
-- Test learning perceptron --
Input = [1, 1] | Output = 1 | Correct? True
Input = [1, 0] | Output = -1 | Correct? True
Input = [0, 1] | Output = -1 | Correct? True
Input = [0, 0] | Output = -1 | Correct? True
2024-04-07 01:03:46 - Finished perceptron

2024-04-07 01:04:37 - Running perceptron
-- Parameters -- 
	Learning_rate = 0.6
	Bias_value = 1
	Inputs_total = 2
-- Creating percepton --
	Perceptron=[Id=1, SensoryNeurons=[[Id=1, Value=1, Weight=0.758], [Id=2, Value=None, Weight=0.562], [Id=3, Value=None, Weight=0.304]]]
-- Starting learning --
	-- Iterating data --
		- LearningData=[Inputs=[1, 1], Target=1]
		- output=1
		- LearningData=[Inputs=[1, 0], Target=-1]
		- output=1
		-- Update weights --
			- SensoryNeurons=[[Id=1, Value=1, Weight=0.158], [Id=2, Value=1, Weight=-0.038], [Id=3, Value=0, Weight=0.304]]
	-- Finished iteration --
	-- Iterating data --
		- LearningData=[Inputs=[1, 1], Target=1]
		- output=1
		- LearningData=[Inputs=[1, 0], Target=-1]
		- output=1
		-- Update weights --
			- SensoryNeurons=[[Id=1, Value=1, Weight=-0.442], [Id=2, Value=1, Weight=-0.638], [Id=3, Value=0, Weight=0.304]]
	-- Finished iteration --
	-- Iterating data --
		- LearningData=[Inputs=[1, 1], Target=1]
		- output=-1
		-- Update weights --
			- SensoryNeurons=[[Id=1, Value=1, Weight=0.158], [Id=2, Value=1, Weight=-0.038], [Id=3, Value=1, Weight=0.904]]
	-- Finished iteration --
	-- Iterating data --
		- LearningData=[Inputs=[1, 1], Target=1]
		- output=1
		- LearningData=[Inputs=[1, 0], Target=-1]
		- output=1
		-- Update weights --
			- SensoryNeurons=[[Id=1, Value=1, Weight=-0.442], [Id=2, Value=1, Weight=-0.638], [Id=3, Value=0, Weight=0.904]]
	-- Finished iteration --
	-- Iterating data --
		- LearningData=[Inputs=[1, 1], Target=1]
		- output=-1
		-- Update weights --
			- SensoryNeurons=[[Id=1, Value=1, Weight=0.158], [Id=2, Value=1, Weight=-0.038], [Id=3, Value=1, Weight=1.504]]
	-- Finished iteration --
	-- Iterating data --
		- LearningData=[Inputs=[1, 1], Target=1]
		- output=1
		- LearningData=[Inputs=[1, 0], Target=-1]
		- output=1
		-- Update weights --
			- SensoryNeurons=[[Id=1, Value=1, Weight=-0.442], [Id=2, Value=1, Weight=-0.638], [Id=3, Value=0, Weight=1.504]]
	-- Finished iteration --
	-- Iterating data --
		- LearningData=[Inputs=[1, 1], Target=1]
		- output=1
		- LearningData=[Inputs=[1, 0], Target=-1]
		- output=-1
		- LearningData=[Inputs=[0, 1], Target=-1]
		- output=1
		-- Update weights --
			- SensoryNeurons=[[Id=1, Value=1, Weight=-1.042], [Id=2, Value=0, Weight=-0.638], [Id=3, Value=1, Weight=0.904]]
	-- Finished iteration --
	-- Iterating data --
		- LearningData=[Inputs=[1, 1], Target=1]
		- output=-1
		-- Update weights --
			- SensoryNeurons=[[Id=1, Value=1, Weight=-0.442], [Id=2, Value=1, Weight=-0.038], [Id=3, Value=1, Weight=1.504]]
	-- Finished iteration --
	-- Iterating data --
		- LearningData=[Inputs=[1, 1], Target=1]
		- output=1
		- LearningData=[Inputs=[1, 0], Target=-1]
		- output=-1
		- LearningData=[Inputs=[0, 1], Target=-1]
		- output=1
		-- Update weights --
			- SensoryNeurons=[[Id=1, Value=1, Weight=-1.042], [Id=2, Value=0, Weight=-0.038], [Id=3, Value=1, Weight=0.904]]
	-- Finished iteration --
	-- Iterating data --
		- LearningData=[Inputs=[1, 1], Target=1]
		- output=-1
		-- Update weights --
			- SensoryNeurons=[[Id=1, Value=1, Weight=-0.442], [Id=2, Value=1, Weight=0.562], [Id=3, Value=1, Weight=1.504]]
	-- Finished iteration --
	-- Iterating data --
		- LearningData=[Inputs=[1, 1], Target=1]
		- output=1
		- LearningData=[Inputs=[1, 0], Target=-1]
		- output=1
		-- Update weights --
			- SensoryNeurons=[[Id=1, Value=1, Weight=-1.042], [Id=2, Value=1, Weight=-0.038], [Id=3, Value=0, Weight=1.504]]
	-- Finished iteration --
	-- Iterating data --
		- LearningData=[Inputs=[1, 1], Target=1]
		- output=1
		- LearningData=[Inputs=[1, 0], Target=-1]
		- output=-1
		- LearningData=[Inputs=[0, 1], Target=-1]
		- output=1
		-- Update weights --
			- SensoryNeurons=[[Id=1, Value=1, Weight=-1.642], [Id=2, Value=0, Weight=-0.038], [Id=3, Value=1, Weight=0.904]]
	-- Finished iteration --
	-- Iterating data --
		- LearningData=[Inputs=[1, 1], Target=1]
		- output=-1
		-- Update weights --
			- SensoryNeurons=[[Id=1, Value=1, Weight=-1.042], [Id=2, Value=1, Weight=0.562], [Id=3, Value=1, Weight=1.504]]
	-- Finished iteration --
	-- Iterating data --
		- LearningData=[Inputs=[1, 1], Target=1]
		- output=1
		- LearningData=[Inputs=[1, 0], Target=-1]
		- output=-1
		- LearningData=[Inputs=[0, 1], Target=-1]
		- output=1
		-- Update weights --
			- SensoryNeurons=[[Id=1, Value=1, Weight=-1.642], [Id=2, Value=0, Weight=0.562], [Id=3, Value=1, Weight=0.904]]
	-- Finished iteration --
	-- Iterating data --
		- LearningData=[Inputs=[1, 1], Target=1]
		- output=-1
		-- Update weights --
			- SensoryNeurons=[[Id=1, Value=1, Weight=-1.042], [Id=2, Value=1, Weight=1.162], [Id=3, Value=1, Weight=1.504]]
	-- Finished iteration --
	-- Iterating data --
		- LearningData=[Inputs=[1, 1], Target=1]
		- output=1
		- LearningData=[Inputs=[1, 0], Target=-1]
		- output=1
		-- Update weights --
			- SensoryNeurons=[[Id=1, Value=1, Weight=-1.642], [Id=2, Value=1, Weight=0.562], [Id=3, Value=0, Weight=1.504]]
	-- Finished iteration --
	-- Iterating data --
		- LearningData=[Inputs=[1, 1], Target=1]
		- output=1
		- LearningData=[Inputs=[1, 0], Target=-1]
		- output=-1
		- LearningData=[Inputs=[0, 1], Target=-1]
		- output=-1
		- LearningData=[Inputs=[0, 0], Target=-1]
		- output=-1
	-- Finished iteration --
-- Finished learning --
-- Learning log --
	- Perceptron=[Id=1, SensoryNeurons=[[Id=1, Value=1, Weight=-1.642], [Id=2, Value=0, Weight=0.562], [Id=3, Value=0, Weight=1.504]]]
	- Iterations total=17
-- Test learning perceptron --
Input = [1, 1] | Output = 1 | Correct? True
Input = [1, 0] | Output = -1 | Correct? True
Input = [0, 1] | Output = -1 | Correct? True
Input = [0, 0] | Output = -1 | Correct? True
2024-04-07 01:04:37 - Finished perceptron

2024-04-07 01:05:11 - Running perceptron
-- Parameters -- 
	Learning_rate = 0.4
	Bias_value = 1
	Inputs_total = 2
-- Creating percepton --
	Perceptron=[Id=1, SensoryNeurons=[[Id=1, Value=1, Weight=0.892], [Id=2, Value=None, Weight=0.603], [Id=3, Value=None, Weight=0.653]]]
-- Starting learning --
	-- Iterating data --
		- LearningData=[Inputs=[1, 1], Target=1]
		- output=1
		- LearningData=[Inputs=[1, 0], Target=-1]
		- output=1
		-- Update weights --
			- SensoryNeurons=[[Id=1, Value=1, Weight=0.492], [Id=2, Value=1, Weight=0.203], [Id=3, Value=0, Weight=0.653]]
	-- Finished iteration --
	-- Iterating data --
		- LearningData=[Inputs=[1, 1], Target=1]
		- output=1
		- LearningData=[Inputs=[1, 0], Target=-1]
		- output=1
		-- Update weights --
			- SensoryNeurons=[[Id=1, Value=1, Weight=0.092], [Id=2, Value=1, Weight=-0.197], [Id=3, Value=0, Weight=0.653]]
	-- Finished iteration --
	-- Iterating data --
		- LearningData=[Inputs=[1, 1], Target=1]
		- output=1
		- LearningData=[Inputs=[1, 0], Target=-1]
		- output=-1
		- LearningData=[Inputs=[0, 1], Target=-1]
		- output=1
		-- Update weights --
			- SensoryNeurons=[[Id=1, Value=1, Weight=-0.308], [Id=2, Value=0, Weight=-0.197], [Id=3, Value=1, Weight=0.253]]
	-- Finished iteration --
	-- Iterating data --
		- LearningData=[Inputs=[1, 1], Target=1]
		- output=-1
		-- Update weights --
			- SensoryNeurons=[[Id=1, Value=1, Weight=0.092], [Id=2, Value=1, Weight=0.203], [Id=3, Value=1, Weight=0.653]]
	-- Finished iteration --
	-- Iterating data --
		- LearningData=[Inputs=[1, 1], Target=1]
		- output=1
		- LearningData=[Inputs=[1, 0], Target=-1]
		- output=1
		-- Update weights --
			- SensoryNeurons=[[Id=1, Value=1, Weight=-0.308], [Id=2, Value=1, Weight=-0.197], [Id=3, Value=0, Weight=0.653]]
	-- Finished iteration --
	-- Iterating data --
		- LearningData=[Inputs=[1, 1], Target=1]
		- output=1
		- LearningData=[Inputs=[1, 0], Target=-1]
		- output=-1
		- LearningData=[Inputs=[0, 1], Target=-1]
		- output=1
		-- Update weights --
			- SensoryNeurons=[[Id=1, Value=1, Weight=-0.708], [Id=2, Value=0, Weight=-0.197], [Id=3, Value=1, Weight=0.253]]
	-- Finished iteration --
	-- Iterating data --
		- LearningData=[Inputs=[1, 1], Target=1]
		- output=-1
		-- Update weights --
			- SensoryNeurons=[[Id=1, Value=1, Weight=-0.308], [Id=2, Value=1, Weight=0.203], [Id=3, Value=1, Weight=0.653]]
	-- Finished iteration --
	-- Iterating data --
		- LearningData=[Inputs=[1, 1], Target=1]
		- output=1
		- LearningData=[Inputs=[1, 0], Target=-1]
		- output=-1
		- LearningData=[Inputs=[0, 1], Target=-1]
		- output=1
		-- Update weights --
			- SensoryNeurons=[[Id=1, Value=1, Weight=-0.708], [Id=2, Value=0, Weight=0.203], [Id=3, Value=1, Weight=0.253]]
	-- Finished iteration --
	-- Iterating data --
		- LearningData=[Inputs=[1, 1], Target=1]
		- output=-1
		-- Update weights --
			- SensoryNeurons=[[Id=1, Value=1, Weight=-0.308], [Id=2, Value=1, Weight=0.603], [Id=3, Value=1, Weight=0.653]]
	-- Finished iteration --
	-- Iterating data --
		- LearningData=[Inputs=[1, 1], Target=1]
		- output=1
		- LearningData=[Inputs=[1, 0], Target=-1]
		- output=1
		-- Update weights --
			- SensoryNeurons=[[Id=1, Value=1, Weight=-0.708], [Id=2, Value=1, Weight=0.203], [Id=3, Value=0, Weight=0.653]]
	-- Finished iteration --
	-- Iterating data --
		- LearningData=[Inputs=[1, 1], Target=1]
		- output=1
		- LearningData=[Inputs=[1, 0], Target=-1]
		- output=-1
		- LearningData=[Inputs=[0, 1], Target=-1]
		- output=-1
		- LearningData=[Inputs=[0, 0], Target=-1]
		- output=-1
	-- Finished iteration --
-- Finished learning --
-- Learning log --
	- Perceptron=[Id=1, SensoryNeurons=[[Id=1, Value=1, Weight=-0.708], [Id=2, Value=0, Weight=0.203], [Id=3, Value=0, Weight=0.653]]]
	- Iterations total=11
-- Test learning perceptron --
Input = [1, 1] | Output = 1 | Correct? True
Input = [1, 0] | Output = -1 | Correct? True
Input = [0, 1] | Output = -1 | Correct? True
Input = [0, 0] | Output = -1 | Correct? True
2024-04-07 01:05:11 - Finished perceptron

2024-04-07 01:05:38 - Running perceptron
-- Parameters -- 
	Learning_rate = 0.3
	Bias_value = 1
	Inputs_total = 2
-- Creating percepton --
	Perceptron=[Id=1, SensoryNeurons=[[Id=1, Value=1, Weight=0.545], [Id=2, Value=None, Weight=0.858], [Id=3, Value=None, Weight=0.946]]]
-- Starting learning --
	-- Iterating data --
		- LearningData=[Inputs=[1, 1], Target=1]
		- output=1
		- LearningData=[Inputs=[1, 0], Target=-1]
		- output=1
		-- Update weights --
			- SensoryNeurons=[[Id=1, Value=1, Weight=0.245], [Id=2, Value=1, Weight=0.558], [Id=3, Value=0, Weight=0.946]]
	-- Finished iteration --
	-- Iterating data --
		- LearningData=[Inputs=[1, 1], Target=1]
		- output=1
		- LearningData=[Inputs=[1, 0], Target=-1]
		- output=1
		-- Update weights --
			- SensoryNeurons=[[Id=1, Value=1, Weight=-0.055], [Id=2, Value=1, Weight=0.258], [Id=3, Value=0, Weight=0.946]]
	-- Finished iteration --
	-- Iterating data --
		- LearningData=[Inputs=[1, 1], Target=1]
		- output=1
		- LearningData=[Inputs=[1, 0], Target=-1]
		- output=1
		-- Update weights --
			- SensoryNeurons=[[Id=1, Value=1, Weight=-0.355], [Id=2, Value=1, Weight=-0.042], [Id=3, Value=0, Weight=0.946]]
	-- Finished iteration --
	-- Iterating data --
		- LearningData=[Inputs=[1, 1], Target=1]
		- output=1
		- LearningData=[Inputs=[1, 0], Target=-1]
		- output=-1
		- LearningData=[Inputs=[0, 1], Target=-1]
		- output=1
		-- Update weights --
			- SensoryNeurons=[[Id=1, Value=1, Weight=-0.655], [Id=2, Value=0, Weight=-0.042], [Id=3, Value=1, Weight=0.646]]
	-- Finished iteration --
	-- Iterating data --
		- LearningData=[Inputs=[1, 1], Target=1]
		- output=-1
		-- Update weights --
			- SensoryNeurons=[[Id=1, Value=1, Weight=-0.355], [Id=2, Value=1, Weight=0.258], [Id=3, Value=1, Weight=0.946]]
	-- Finished iteration --
	-- Iterating data --
		- LearningData=[Inputs=[1, 1], Target=1]
		- output=1
		- LearningData=[Inputs=[1, 0], Target=-1]
		- output=-1
		- LearningData=[Inputs=[0, 1], Target=-1]
		- output=1
		-- Update weights --
			- SensoryNeurons=[[Id=1, Value=1, Weight=-0.655], [Id=2, Value=0, Weight=0.258], [Id=3, Value=1, Weight=0.646]]
	-- Finished iteration --
	-- Iterating data --
		- LearningData=[Inputs=[1, 1], Target=1]
		- output=1
		- LearningData=[Inputs=[1, 0], Target=-1]
		- output=-1
		- LearningData=[Inputs=[0, 1], Target=-1]
		- output=-1
		- LearningData=[Inputs=[0, 0], Target=-1]
		- output=-1
	-- Finished iteration --
-- Finished learning --
-- Learning log --
	- Perceptron=[Id=1, SensoryNeurons=[[Id=1, Value=1, Weight=-0.655], [Id=2, Value=0, Weight=0.258], [Id=3, Value=0, Weight=0.646]]]
	- Iterations total=7
-- Test learning perceptron --
Input = [1, 1] | Output = 1 | Correct? True
Input = [1, 0] | Output = -1 | Correct? True
Input = [0, 1] | Output = -1 | Correct? True
Input = [0, 0] | Output = -1 | Correct? True
2024-04-07 01:05:38 - Finished perceptron

2024-04-07 01:06:02 - Running perceptron
-- Parameters -- 
	Learning_rate = 0.2
	Bias_value = 1
	Inputs_total = 2
-- Creating percepton --
	Perceptron=[Id=1, SensoryNeurons=[[Id=1, Value=1, Weight=0.808], [Id=2, Value=None, Weight=0.366], [Id=3, Value=None, Weight=0.046]]]
-- Starting learning --
	-- Iterating data --
		- LearningData=[Inputs=[1, 1], Target=1]
		- output=1
		- LearningData=[Inputs=[1, 0], Target=-1]
		- output=1
		-- Update weights --
			- SensoryNeurons=[[Id=1, Value=1, Weight=0.608], [Id=2, Value=1, Weight=0.166], [Id=3, Value=0, Weight=0.046]]
	-- Finished iteration --
	-- Iterating data --
		- LearningData=[Inputs=[1, 1], Target=1]
		- output=1
		- LearningData=[Inputs=[1, 0], Target=-1]
		- output=1
		-- Update weights --
			- SensoryNeurons=[[Id=1, Value=1, Weight=0.408], [Id=2, Value=1, Weight=-0.034], [Id=3, Value=0, Weight=0.046]]
	-- Finished iteration --
	-- Iterating data --
		- LearningData=[Inputs=[1, 1], Target=1]
		- output=1
		- LearningData=[Inputs=[1, 0], Target=-1]
		- output=1
		-- Update weights --
			- SensoryNeurons=[[Id=1, Value=1, Weight=0.208], [Id=2, Value=1, Weight=-0.234], [Id=3, Value=0, Weight=0.046]]
	-- Finished iteration --
	-- Iterating data --
		- LearningData=[Inputs=[1, 1], Target=1]
		- output=1
		- LearningData=[Inputs=[1, 0], Target=-1]
		- output=-1
		- LearningData=[Inputs=[0, 1], Target=-1]
		- output=1
		-- Update weights --
			- SensoryNeurons=[[Id=1, Value=1, Weight=0.008], [Id=2, Value=0, Weight=-0.234], [Id=3, Value=1, Weight=-0.154]]
	-- Finished iteration --
	-- Iterating data --
		- LearningData=[Inputs=[1, 1], Target=1]
		- output=-1
		-- Update weights --
			- SensoryNeurons=[[Id=1, Value=1, Weight=0.208], [Id=2, Value=1, Weight=-0.034], [Id=3, Value=1, Weight=0.046]]
	-- Finished iteration --
	-- Iterating data --
		- LearningData=[Inputs=[1, 1], Target=1]
		- output=1
		- LearningData=[Inputs=[1, 0], Target=-1]
		- output=1
		-- Update weights --
			- SensoryNeurons=[[Id=1, Value=1, Weight=0.008], [Id=2, Value=1, Weight=-0.234], [Id=3, Value=0, Weight=0.046]]
	-- Finished iteration --
	-- Iterating data --
		- LearningData=[Inputs=[1, 1], Target=1]
		- output=-1
		-- Update weights --
			- SensoryNeurons=[[Id=1, Value=1, Weight=0.208], [Id=2, Value=1, Weight=-0.034], [Id=3, Value=1, Weight=0.246]]
	-- Finished iteration --
	-- Iterating data --
		- LearningData=[Inputs=[1, 1], Target=1]
		- output=1
		- LearningData=[Inputs=[1, 0], Target=-1]
		- output=1
		-- Update weights --
			- SensoryNeurons=[[Id=1, Value=1, Weight=0.008], [Id=2, Value=1, Weight=-0.234], [Id=3, Value=0, Weight=0.246]]
	-- Finished iteration --
	-- Iterating data --
		- LearningData=[Inputs=[1, 1], Target=1]
		- output=1
		- LearningData=[Inputs=[1, 0], Target=-1]
		- output=-1
		- LearningData=[Inputs=[0, 1], Target=-1]
		- output=1
		-- Update weights --
			- SensoryNeurons=[[Id=1, Value=1, Weight=-0.192], [Id=2, Value=0, Weight=-0.234], [Id=3, Value=1, Weight=0.046]]
	-- Finished iteration --
	-- Iterating data --
		- LearningData=[Inputs=[1, 1], Target=1]
		- output=-1
		-- Update weights --
			- SensoryNeurons=[[Id=1, Value=1, Weight=0.008], [Id=2, Value=1, Weight=-0.034], [Id=3, Value=1, Weight=0.246]]
	-- Finished iteration --
	-- Iterating data --
		- LearningData=[Inputs=[1, 1], Target=1]
		- output=1
		- LearningData=[Inputs=[1, 0], Target=-1]
		- output=-1
		- LearningData=[Inputs=[0, 1], Target=-1]
		- output=1
		-- Update weights --
			- SensoryNeurons=[[Id=1, Value=1, Weight=-0.192], [Id=2, Value=0, Weight=-0.034], [Id=3, Value=1, Weight=0.046]]
	-- Finished iteration --
	-- Iterating data --
		- LearningData=[Inputs=[1, 1], Target=1]
		- output=-1
		-- Update weights --
			- SensoryNeurons=[[Id=1, Value=1, Weight=0.008], [Id=2, Value=1, Weight=0.166], [Id=3, Value=1, Weight=0.246]]
	-- Finished iteration --
	-- Iterating data --
		- LearningData=[Inputs=[1, 1], Target=1]
		- output=1
		- LearningData=[Inputs=[1, 0], Target=-1]
		- output=1
		-- Update weights --
			- SensoryNeurons=[[Id=1, Value=1, Weight=-0.192], [Id=2, Value=1, Weight=-0.034], [Id=3, Value=0, Weight=0.246]]
	-- Finished iteration --
	-- Iterating data --
		- LearningData=[Inputs=[1, 1], Target=1]
		- output=1
		- LearningData=[Inputs=[1, 0], Target=-1]
		- output=-1
		- LearningData=[Inputs=[0, 1], Target=-1]
		- output=1
		-- Update weights --
			- SensoryNeurons=[[Id=1, Value=1, Weight=-0.392], [Id=2, Value=0, Weight=-0.034], [Id=3, Value=1, Weight=0.046]]
	-- Finished iteration --
	-- Iterating data --
		- LearningData=[Inputs=[1, 1], Target=1]
		- output=-1
		-- Update weights --
			- SensoryNeurons=[[Id=1, Value=1, Weight=-0.192], [Id=2, Value=1, Weight=0.166], [Id=3, Value=1, Weight=0.246]]
	-- Finished iteration --
	-- Iterating data --
		- LearningData=[Inputs=[1, 1], Target=1]
		- output=1
		- LearningData=[Inputs=[1, 0], Target=-1]
		- output=-1
		- LearningData=[Inputs=[0, 1], Target=-1]
		- output=1
		-- Update weights --
			- SensoryNeurons=[[Id=1, Value=1, Weight=-0.392], [Id=2, Value=0, Weight=0.166], [Id=3, Value=1, Weight=0.046]]
	-- Finished iteration --
	-- Iterating data --
		- LearningData=[Inputs=[1, 1], Target=1]
		- output=-1
		-- Update weights --
			- SensoryNeurons=[[Id=1, Value=1, Weight=-0.192], [Id=2, Value=1, Weight=0.366], [Id=3, Value=1, Weight=0.246]]
	-- Finished iteration --
	-- Iterating data --
		- LearningData=[Inputs=[1, 1], Target=1]
		- output=1
		- LearningData=[Inputs=[1, 0], Target=-1]
		- output=1
		-- Update weights --
			- SensoryNeurons=[[Id=1, Value=1, Weight=-0.392], [Id=2, Value=1, Weight=0.166], [Id=3, Value=0, Weight=0.246]]
	-- Finished iteration --
	-- Iterating data --
		- LearningData=[Inputs=[1, 1], Target=1]
		- output=1
		- LearningData=[Inputs=[1, 0], Target=-1]
		- output=-1
		- LearningData=[Inputs=[0, 1], Target=-1]
		- output=-1
		- LearningData=[Inputs=[0, 0], Target=-1]
		- output=-1
	-- Finished iteration --
-- Finished learning --
-- Learning log --
	- Perceptron=[Id=1, SensoryNeurons=[[Id=1, Value=1, Weight=-0.392], [Id=2, Value=0, Weight=0.166], [Id=3, Value=0, Weight=0.246]]]
	- Iterations total=19
-- Test learning perceptron --
Input = [1, 1] | Output = 1 | Correct? True
Input = [1, 0] | Output = -1 | Correct? True
Input = [0, 1] | Output = -1 | Correct? True
Input = [0, 0] | Output = -1 | Correct? True
2024-04-07 01:06:02 - Finished perceptron

2024-04-07 01:06:51 - Running perceptron
-- Parameters -- 
	Learning_rate = 0.25
	Bias_value = 1
	Inputs_total = 2
-- Creating percepton --
	Perceptron=[Id=1, SensoryNeurons=[[Id=1, Value=1, Weight=0.629], [Id=2, Value=None, Weight=0.086], [Id=3, Value=None, Weight=0.968]]]
-- Starting learning --
	-- Iterating data --
		- LearningData=[Inputs=[1, 1], Target=1]
		- output=1
		- LearningData=[Inputs=[1, 0], Target=-1]
		- output=1
		-- Update weights --
			- SensoryNeurons=[[Id=1, Value=1, Weight=0.379], [Id=2, Value=1, Weight=-0.164], [Id=3, Value=0, Weight=0.968]]
	-- Finished iteration --
	-- Iterating data --
		- LearningData=[Inputs=[1, 1], Target=1]
		- output=1
		- LearningData=[Inputs=[1, 0], Target=-1]
		- output=1
		-- Update weights --
			- SensoryNeurons=[[Id=1, Value=1, Weight=0.129], [Id=2, Value=1, Weight=-0.414], [Id=3, Value=0, Weight=0.968]]
	-- Finished iteration --
	-- Iterating data --
		- LearningData=[Inputs=[1, 1], Target=1]
		- output=1
		- LearningData=[Inputs=[1, 0], Target=-1]
		- output=-1
		- LearningData=[Inputs=[0, 1], Target=-1]
		- output=1
		-- Update weights --
			- SensoryNeurons=[[Id=1, Value=1, Weight=-0.121], [Id=2, Value=0, Weight=-0.414], [Id=3, Value=1, Weight=0.718]]
	-- Finished iteration --
	-- Iterating data --
		- LearningData=[Inputs=[1, 1], Target=1]
		- output=1
		- LearningData=[Inputs=[1, 0], Target=-1]
		- output=-1
		- LearningData=[Inputs=[0, 1], Target=-1]
		- output=1
		-- Update weights --
			- SensoryNeurons=[[Id=1, Value=1, Weight=-0.371], [Id=2, Value=0, Weight=-0.414], [Id=3, Value=1, Weight=0.468]]
	-- Finished iteration --
	-- Iterating data --
		- LearningData=[Inputs=[1, 1], Target=1]
		- output=-1
		-- Update weights --
			- SensoryNeurons=[[Id=1, Value=1, Weight=-0.121], [Id=2, Value=1, Weight=-0.164], [Id=3, Value=1, Weight=0.718]]
	-- Finished iteration --
	-- Iterating data --
		- LearningData=[Inputs=[1, 1], Target=1]
		- output=1
		- LearningData=[Inputs=[1, 0], Target=-1]
		- output=-1
		- LearningData=[Inputs=[0, 1], Target=-1]
		- output=1
		-- Update weights --
			- SensoryNeurons=[[Id=1, Value=1, Weight=-0.371], [Id=2, Value=0, Weight=-0.164], [Id=3, Value=1, Weight=0.468]]
	-- Finished iteration --
	-- Iterating data --
		- LearningData=[Inputs=[1, 1], Target=1]
		- output=-1
		-- Update weights --
			- SensoryNeurons=[[Id=1, Value=1, Weight=-0.121], [Id=2, Value=1, Weight=0.086], [Id=3, Value=1, Weight=0.718]]
	-- Finished iteration --
	-- Iterating data --
		- LearningData=[Inputs=[1, 1], Target=1]
		- output=1
		- LearningData=[Inputs=[1, 0], Target=-1]
		- output=-1
		- LearningData=[Inputs=[0, 1], Target=-1]
		- output=1
		-- Update weights --
			- SensoryNeurons=[[Id=1, Value=1, Weight=-0.371], [Id=2, Value=0, Weight=0.086], [Id=3, Value=1, Weight=0.468]]
	-- Finished iteration --
	-- Iterating data --
		- LearningData=[Inputs=[1, 1], Target=1]
		- output=1
		- LearningData=[Inputs=[1, 0], Target=-1]
		- output=-1
		- LearningData=[Inputs=[0, 1], Target=-1]
		- output=1
		-- Update weights --
			- SensoryNeurons=[[Id=1, Value=1, Weight=-0.621], [Id=2, Value=0, Weight=0.086], [Id=3, Value=1, Weight=0.218]]
	-- Finished iteration --
	-- Iterating data --
		- LearningData=[Inputs=[1, 1], Target=1]
		- output=-1
		-- Update weights --
			- SensoryNeurons=[[Id=1, Value=1, Weight=-0.371], [Id=2, Value=1, Weight=0.336], [Id=3, Value=1, Weight=0.468]]
	-- Finished iteration --
	-- Iterating data --
		- LearningData=[Inputs=[1, 1], Target=1]
		- output=1
		- LearningData=[Inputs=[1, 0], Target=-1]
		- output=-1
		- LearningData=[Inputs=[0, 1], Target=-1]
		- output=1
		-- Update weights --
			- SensoryNeurons=[[Id=1, Value=1, Weight=-0.621], [Id=2, Value=0, Weight=0.336], [Id=3, Value=1, Weight=0.218]]
	-- Finished iteration --
	-- Iterating data --
		- LearningData=[Inputs=[1, 1], Target=1]
		- output=-1
		-- Update weights --
			- SensoryNeurons=[[Id=1, Value=1, Weight=-0.371], [Id=2, Value=1, Weight=0.586], [Id=3, Value=1, Weight=0.468]]
	-- Finished iteration --
	-- Iterating data --
		- LearningData=[Inputs=[1, 1], Target=1]
		- output=1
		- LearningData=[Inputs=[1, 0], Target=-1]
		- output=1
		-- Update weights --
			- SensoryNeurons=[[Id=1, Value=1, Weight=-0.621], [Id=2, Value=1, Weight=0.336], [Id=3, Value=0, Weight=0.468]]
	-- Finished iteration --
	-- Iterating data --
		- LearningData=[Inputs=[1, 1], Target=1]
		- output=1
		- LearningData=[Inputs=[1, 0], Target=-1]
		- output=-1
		- LearningData=[Inputs=[0, 1], Target=-1]
		- output=-1
		- LearningData=[Inputs=[0, 0], Target=-1]
		- output=-1
	-- Finished iteration --
-- Finished learning --
-- Learning log --
	- Perceptron=[Id=1, SensoryNeurons=[[Id=1, Value=1, Weight=-0.621], [Id=2, Value=0, Weight=0.336], [Id=3, Value=0, Weight=0.468]]]
	- Iterations total=14
-- Test learning perceptron --
Input = [1, 1] | Output = 1 | Correct? True
Input = [1, 0] | Output = -1 | Correct? True
Input = [0, 1] | Output = -1 | Correct? True
Input = [0, 0] | Output = -1 | Correct? True
2024-04-07 01:06:51 - Finished perceptron

2024-04-07 01:07:15 - Running perceptron
-- Parameters -- 
	Learning_rate = 0.3
	Bias_value = 1
	Inputs_total = 2
-- Creating percepton --
	Perceptron=[Id=1, SensoryNeurons=[[Id=1, Value=1, Weight=0.139], [Id=2, Value=None, Weight=0.781], [Id=3, Value=None, Weight=0.934]]]
-- Starting learning --
	-- Iterating data --
		- LearningData=[Inputs=[1, 1], Target=1]
		- output=1
		- LearningData=[Inputs=[1, 0], Target=-1]
		- output=1
		-- Update weights --
			- SensoryNeurons=[[Id=1, Value=1, Weight=-0.161], [Id=2, Value=1, Weight=0.481], [Id=3, Value=0, Weight=0.934]]
	-- Finished iteration --
	-- Iterating data --
		- LearningData=[Inputs=[1, 1], Target=1]
		- output=1
		- LearningData=[Inputs=[1, 0], Target=-1]
		- output=1
		-- Update weights --
			- SensoryNeurons=[[Id=1, Value=1, Weight=-0.461], [Id=2, Value=1, Weight=0.181], [Id=3, Value=0, Weight=0.934]]
	-- Finished iteration --
	-- Iterating data --
		- LearningData=[Inputs=[1, 1], Target=1]
		- output=1
		- LearningData=[Inputs=[1, 0], Target=-1]
		- output=-1
		- LearningData=[Inputs=[0, 1], Target=-1]
		- output=1
		-- Update weights --
			- SensoryNeurons=[[Id=1, Value=1, Weight=-0.761], [Id=2, Value=0, Weight=0.181], [Id=3, Value=1, Weight=0.634]]
	-- Finished iteration --
	-- Iterating data --
		- LearningData=[Inputs=[1, 1], Target=1]
		- output=1
		- LearningData=[Inputs=[1, 0], Target=-1]
		- output=-1
		- LearningData=[Inputs=[0, 1], Target=-1]
		- output=-1
		- LearningData=[Inputs=[0, 0], Target=-1]
		- output=-1
	-- Finished iteration --
-- Finished learning --
-- Learning log --
	- Perceptron=[Id=1, SensoryNeurons=[[Id=1, Value=1, Weight=-0.761], [Id=2, Value=0, Weight=0.181], [Id=3, Value=0, Weight=0.634]]]
	- Iterations total=4
-- Test learning perceptron --
Input = [1, 1] | Output = 1 | Correct? True
Input = [1, 0] | Output = -1 | Correct? True
Input = [0, 1] | Output = -1 | Correct? True
Input = [0, 0] | Output = -1 | Correct? True
2024-04-07 01:07:15 - Finished perceptron

2024-04-07 01:07:27 - Running perceptron
-- Parameters -- 
	Learning_rate = 0.3
	Bias_value = 1
	Inputs_total = 2
-- Creating percepton --
	Perceptron=[Id=1, SensoryNeurons=[[Id=1, Value=1, Weight=0.843], [Id=2, Value=None, Weight=0.695], [Id=3, Value=None, Weight=0.564]]]
-- Starting learning --
	-- Iterating data --
		- LearningData=[Inputs=[1, 1], Target=1]
		- output=1
		- LearningData=[Inputs=[1, 0], Target=-1]
		- output=1
		-- Update weights --
			- SensoryNeurons=[[Id=1, Value=1, Weight=0.543], [Id=2, Value=1, Weight=0.395], [Id=3, Value=0, Weight=0.564]]
	-- Finished iteration --
	-- Iterating data --
		- LearningData=[Inputs=[1, 1], Target=1]
		- output=1
		- LearningData=[Inputs=[1, 0], Target=-1]
		- output=1
		-- Update weights --
			- SensoryNeurons=[[Id=1, Value=1, Weight=0.243], [Id=2, Value=1, Weight=0.095], [Id=3, Value=0, Weight=0.564]]
	-- Finished iteration --
	-- Iterating data --
		- LearningData=[Inputs=[1, 1], Target=1]
		- output=1
		- LearningData=[Inputs=[1, 0], Target=-1]
		- output=1
		-- Update weights --
			- SensoryNeurons=[[Id=1, Value=1, Weight=-0.057], [Id=2, Value=1, Weight=-0.205], [Id=3, Value=0, Weight=0.564]]
	-- Finished iteration --
	-- Iterating data --
		- LearningData=[Inputs=[1, 1], Target=1]
		- output=1
		- LearningData=[Inputs=[1, 0], Target=-1]
		- output=-1
		- LearningData=[Inputs=[0, 1], Target=-1]
		- output=1
		-- Update weights --
			- SensoryNeurons=[[Id=1, Value=1, Weight=-0.357], [Id=2, Value=0, Weight=-0.205], [Id=3, Value=1, Weight=0.264]]
	-- Finished iteration --
	-- Iterating data --
		- LearningData=[Inputs=[1, 1], Target=1]
		- output=-1
		-- Update weights --
			- SensoryNeurons=[[Id=1, Value=1, Weight=-0.057], [Id=2, Value=1, Weight=0.095], [Id=3, Value=1, Weight=0.564]]
	-- Finished iteration --
	-- Iterating data --
		- LearningData=[Inputs=[1, 1], Target=1]
		- output=1
		- LearningData=[Inputs=[1, 0], Target=-1]
		- output=1
		-- Update weights --
			- SensoryNeurons=[[Id=1, Value=1, Weight=-0.357], [Id=2, Value=1, Weight=-0.205], [Id=3, Value=0, Weight=0.564]]
	-- Finished iteration --
	-- Iterating data --
		- LearningData=[Inputs=[1, 1], Target=1]
		- output=1
		- LearningData=[Inputs=[1, 0], Target=-1]
		- output=-1
		- LearningData=[Inputs=[0, 1], Target=-1]
		- output=1
		-- Update weights --
			- SensoryNeurons=[[Id=1, Value=1, Weight=-0.657], [Id=2, Value=0, Weight=-0.205], [Id=3, Value=1, Weight=0.264]]
	-- Finished iteration --
	-- Iterating data --
		- LearningData=[Inputs=[1, 1], Target=1]
		- output=-1
		-- Update weights --
			- SensoryNeurons=[[Id=1, Value=1, Weight=-0.357], [Id=2, Value=1, Weight=0.095], [Id=3, Value=1, Weight=0.564]]
	-- Finished iteration --
	-- Iterating data --
		- LearningData=[Inputs=[1, 1], Target=1]
		- output=1
		- LearningData=[Inputs=[1, 0], Target=-1]
		- output=-1
		- LearningData=[Inputs=[0, 1], Target=-1]
		- output=1
		-- Update weights --
			- SensoryNeurons=[[Id=1, Value=1, Weight=-0.657], [Id=2, Value=0, Weight=0.095], [Id=3, Value=1, Weight=0.264]]
	-- Finished iteration --
	-- Iterating data --
		- LearningData=[Inputs=[1, 1], Target=1]
		- output=-1
		-- Update weights --
			- SensoryNeurons=[[Id=1, Value=1, Weight=-0.357], [Id=2, Value=1, Weight=0.395], [Id=3, Value=1, Weight=0.564]]
	-- Finished iteration --
	-- Iterating data --
		- LearningData=[Inputs=[1, 1], Target=1]
		- output=1
		- LearningData=[Inputs=[1, 0], Target=-1]
		- output=1
		-- Update weights --
			- SensoryNeurons=[[Id=1, Value=1, Weight=-0.657], [Id=2, Value=1, Weight=0.095], [Id=3, Value=0, Weight=0.564]]
	-- Finished iteration --
	-- Iterating data --
		- LearningData=[Inputs=[1, 1], Target=1]
		- output=1
		- LearningData=[Inputs=[1, 0], Target=-1]
		- output=-1
		- LearningData=[Inputs=[0, 1], Target=-1]
		- output=-1
		- LearningData=[Inputs=[0, 0], Target=-1]
		- output=-1
	-- Finished iteration --
-- Finished learning --
-- Learning log --
	- Perceptron=[Id=1, SensoryNeurons=[[Id=1, Value=1, Weight=-0.657], [Id=2, Value=0, Weight=0.095], [Id=3, Value=0, Weight=0.564]]]
	- Iterations total=12
-- Test learning perceptron --
Input = [1, 1] | Output = 1 | Correct? True
Input = [1, 0] | Output = -1 | Correct? True
Input = [0, 1] | Output = -1 | Correct? True
Input = [0, 0] | Output = -1 | Correct? True
2024-04-07 01:07:27 - Finished perceptron

2024-04-07 01:07:34 - Running perceptron
-- Parameters -- 
	Learning_rate = 0.3
	Bias_value = 1
	Inputs_total = 2
-- Creating percepton --
	Perceptron=[Id=1, SensoryNeurons=[[Id=1, Value=1, Weight=0.214], [Id=2, Value=None, Weight=0.644], [Id=3, Value=None, Weight=1.0]]]
-- Starting learning --
	-- Iterating data --
		- LearningData=[Inputs=[1, 1], Target=1]
		- output=1
		- LearningData=[Inputs=[1, 0], Target=-1]
		- output=1
		-- Update weights --
			- SensoryNeurons=[[Id=1, Value=1, Weight=-0.086], [Id=2, Value=1, Weight=0.344], [Id=3, Value=0, Weight=1.0]]
	-- Finished iteration --
	-- Iterating data --
		- LearningData=[Inputs=[1, 1], Target=1]
		- output=1
		- LearningData=[Inputs=[1, 0], Target=-1]
		- output=1
		-- Update weights --
			- SensoryNeurons=[[Id=1, Value=1, Weight=-0.386], [Id=2, Value=1, Weight=0.044], [Id=3, Value=0, Weight=1.0]]
	-- Finished iteration --
	-- Iterating data --
		- LearningData=[Inputs=[1, 1], Target=1]
		- output=1
		- LearningData=[Inputs=[1, 0], Target=-1]
		- output=-1
		- LearningData=[Inputs=[0, 1], Target=-1]
		- output=1
		-- Update weights --
			- SensoryNeurons=[[Id=1, Value=1, Weight=-0.686], [Id=2, Value=0, Weight=0.044], [Id=3, Value=1, Weight=0.7]]
	-- Finished iteration --
	-- Iterating data --
		- LearningData=[Inputs=[1, 1], Target=1]
		- output=1
		- LearningData=[Inputs=[1, 0], Target=-1]
		- output=-1
		- LearningData=[Inputs=[0, 1], Target=-1]
		- output=1
		-- Update weights --
			- SensoryNeurons=[[Id=1, Value=1, Weight=-0.986], [Id=2, Value=0, Weight=0.044], [Id=3, Value=1, Weight=0.4]]
	-- Finished iteration --
	-- Iterating data --
		- LearningData=[Inputs=[1, 1], Target=1]
		- output=-1
		-- Update weights --
			- SensoryNeurons=[[Id=1, Value=1, Weight=-0.686], [Id=2, Value=1, Weight=0.344], [Id=3, Value=1, Weight=0.7]]
	-- Finished iteration --
	-- Iterating data --
		- LearningData=[Inputs=[1, 1], Target=1]
		- output=1
		- LearningData=[Inputs=[1, 0], Target=-1]
		- output=-1
		- LearningData=[Inputs=[0, 1], Target=-1]
		- output=1
		-- Update weights --
			- SensoryNeurons=[[Id=1, Value=1, Weight=-0.986], [Id=2, Value=0, Weight=0.344], [Id=3, Value=1, Weight=0.4]]
	-- Finished iteration --
	-- Iterating data --
		- LearningData=[Inputs=[1, 1], Target=1]
		- output=-1
		-- Update weights --
			- SensoryNeurons=[[Id=1, Value=1, Weight=-0.686], [Id=2, Value=1, Weight=0.644], [Id=3, Value=1, Weight=0.7]]
	-- Finished iteration --
	-- Iterating data --
		- LearningData=[Inputs=[1, 1], Target=1]
		- output=1
		- LearningData=[Inputs=[1, 0], Target=-1]
		- output=-1
		- LearningData=[Inputs=[0, 1], Target=-1]
		- output=1
		-- Update weights --
			- SensoryNeurons=[[Id=1, Value=1, Weight=-0.986], [Id=2, Value=0, Weight=0.644], [Id=3, Value=1, Weight=0.4]]
	-- Finished iteration --
	-- Iterating data --
		- LearningData=[Inputs=[1, 1], Target=1]
		- output=1
		- LearningData=[Inputs=[1, 0], Target=-1]
		- output=-1
		- LearningData=[Inputs=[0, 1], Target=-1]
		- output=-1
		- LearningData=[Inputs=[0, 0], Target=-1]
		- output=-1
	-- Finished iteration --
-- Finished learning --
-- Learning log --
	- Perceptron=[Id=1, SensoryNeurons=[[Id=1, Value=1, Weight=-0.986], [Id=2, Value=0, Weight=0.644], [Id=3, Value=0, Weight=0.4]]]
	- Iterations total=9
-- Test learning perceptron --
Input = [1, 1] | Output = 1 | Correct? True
Input = [1, 0] | Output = -1 | Correct? True
Input = [0, 1] | Output = -1 | Correct? True
Input = [0, 0] | Output = -1 | Correct? True
2024-04-07 01:07:34 - Finished perceptron

